Flow report for shift
Thu Jun 06 23:53:48 2019
Quartus Prime Version 18.1.0 Build 625 09/12/2018 SJ Lite Edition


---------------------
; Table of Contents ;
---------------------
  1. Legal Notice
  2. Flow Summary
  3. Flow Settings
  4. Flow Non-Default Global Settings
  5. Flow Elapsed Time
  6. Flow OS Summary
  7. Flow Log
  8. Flow Messages
  9. Flow Suppressed Messages



----------------
; Legal Notice ;
----------------
Copyright (C) 2018  Intel Corporation. All rights reserved.
Your use of Intel Corporation's design tools, logic functions 
and other software and tools, and its AMPP partner logic 
functions, and any output files from any of the foregoing 
(including device programming or simulation files), and any 
associated documentation or information are expressly subject 
to the terms and conditions of the Intel Program License 
Subscription Agreement, the Intel Quartus Prime License Agreement,
the Intel FPGA IP License Agreement, or other applicable license
agreement, including, without limitation, that your use is for
the sole purpose of programming logic devices manufactured by
Intel and sold by Intel or its authorized distributors.  Please
refer to the applicable agreement for further details.



+-------------------------------------------------------------------------------+
; Flow Summary                                                                  ;
+---------------------------------+---------------------------------------------+
; Flow Status                     ; Successful - Thu Jun 06 23:53:38 2019       ;
; Quartus Prime Version           ; 18.1.0 Build 625 09/12/2018 SJ Lite Edition ;
; Revision Name                   ; shift                                       ;
; Top-level Entity Name           ; statei2c                                    ;
; Family                          ; Cyclone V                                   ;
; Device                          ; 5CSEBA6U23I7DK                              ;
; Timing Models                   ; Final                                       ;
; Logic utilization (in ALMs)     ; 109 / 41,910 ( < 1 % )                      ;
; Total registers                 ; 147                                         ;
; Total pins                      ; 36 / 314 ( 11 % )                           ;
; Total virtual pins              ; 0                                           ;
; Total block memory bits         ; 1,024 / 5,662,720 ( < 1 % )                 ;
; Total DSP Blocks                ; 0 / 112 ( 0 % )                             ;
; Total HSSI RX PCSs              ; 0                                           ;
; Total HSSI PMA RX Deserializers ; 0                                           ;
; Total HSSI TX PCSs              ; 0                                           ;
; Total HSSI PMA TX Serializers   ; 0                                           ;
; Total PLLs                      ; 2 / 6 ( 33 % )                              ;
; Total DLLs                      ; 0 / 4 ( 0 % )                               ;
+---------------------------------+---------------------------------------------+


+-----------------------------------------+
; Flow Settings                           ;
+-------------------+---------------------+
; Option            ; Setting             ;
+-------------------+---------------------+
; Start date & time ; 06/06/2019 23:52:14 ;
; Main task         ; Compilation         ;
; Revision Name     ; shift               ;
+-------------------+---------------------+


+-------------------------------------------------------------------------------------------------------------------------+
; Flow Non-Default Global Settings                                                                                        ;
+-------------------------------------+----------------------------------------+---------------+-------------+------------+
; Assignment Name                     ; Value                                  ; Default Value ; Entity Name ; Section Id ;
+-------------------------------------+----------------------------------------+---------------+-------------+------------+
; COMPILER_SIGNATURE_ID               ; 929343543899.155982913319116           ; --            ; --          ; --         ;
; MAX_CORE_JUNCTION_TEMP              ; 100                                    ; --            ; --          ; --         ;
; MIN_CORE_JUNCTION_TEMP              ; -40                                    ; --            ; --          ; --         ;
; MISC_FILE                           ; red33_bb.v                             ; --            ; --          ; --         ;
; MISC_FILE                           ; i2c_config_bb.v                        ; --            ; --          ; --         ;
; MISC_FILE                           ; pll25MHz.cmp                           ; --            ; --          ; --         ;
; MISC_FILE                           ; pll25MHz_sim/pll25MHz.vo               ; --            ; --          ; --         ;
; MISC_FILE                           ; pll8MHz.cmp                            ; --            ; --          ; --         ;
; MISC_FILE                           ; pll8MHz_sim/pll8MHz.vo                 ; --            ; --          ; --         ;
; PARTITION_COLOR                     ; -- (Not supported for targeted family) ; --            ; statei2c    ; Top        ;
; PARTITION_FITTER_PRESERVATION_LEVEL ; -- (Not supported for targeted family) ; --            ; statei2c    ; Top        ;
; PARTITION_NETLIST_TYPE              ; -- (Not supported for targeted family) ; --            ; statei2c    ; Top        ;
; POWER_BOARD_THERMAL_MODEL           ; None (CONSERVATIVE)                    ; --            ; --          ; --         ;
; POWER_PRESET_COOLING_SOLUTION       ; 23 MM HEAT SINK WITH 200 LFPM AIRFLOW  ; --            ; --          ; --         ;
; PROJECT_OUTPUT_DIRECTORY            ; output_files                           ; --            ; --          ; --         ;
; SPD_FILE                            ; pll25MHz.spd                           ; --            ; --          ; --         ;
; SPD_FILE                            ; pll8MHz.spd                            ; --            ; --          ; --         ;
; SYNTHESIS_ONLY_QIP                  ; On                                     ; --            ; --          ; --         ;
; SYNTHESIS_ONLY_QIP                  ; On                                     ; --            ; --          ; --         ;
; TOP_LEVEL_ENTITY                    ; statei2c                               ; shift         ; --          ; --         ;
+-------------------------------------+----------------------------------------+---------------+-------------+------------+


+--------------------------------------------------------------------------------------------------------------------------+
; Flow Elapsed Time                                                                                                        ;
+----------------------+--------------+-------------------------+---------------------+------------------------------------+
; Module Name          ; Elapsed Time ; Average Processors Used ; Peak Virtual Memory ; Total CPU Time (on all processors) ;
+----------------------+--------------+-------------------------+---------------------+------------------------------------+
; Analysis & Synthesis ; 00:00:11     ; 1.0                     ; 4923 MB             ; 00:00:24                           ;
; Fitter               ; 00:01:02     ; 1.1                     ; 7505 MB             ; 00:03:15                           ;
; Assembler            ; 00:00:07     ; 1.0                     ; 4850 MB             ; 00:00:07                           ;
; Timing Analyzer      ; 00:00:08     ; 1.3                     ; 5386 MB             ; 00:00:10                           ;
; Total                ; 00:01:28     ; --                      ; --                  ; 00:03:56                           ;
+----------------------+--------------+-------------------------+---------------------+------------------------------------+


+------------------------------------------------------------------------------------+
; Flow OS Summary                                                                    ;
+----------------------+------------------+------------+------------+----------------+
; Module Name          ; Machine Hostname ; OS Name    ; OS Version ; Processor type ;
+----------------------+------------------+------------+------------+----------------+
; Analysis & Synthesis ; DESKTOP-HKUO31D  ; Windows 10 ; 10.0       ; x86_64         ;
; Fitter               ; DESKTOP-HKUO31D  ; Windows 10 ; 10.0       ; x86_64         ;
; Assembler            ; DESKTOP-HKUO31D  ; Windows 10 ; 10.0       ; x86_64         ;
; Timing Analyzer      ; DESKTOP-HKUO31D  ; Windows 10 ; 10.0       ; x86_64         ;
+----------------------+------------------+------------+------------+----------------+


------------
; Flow Log ;
------------
quartus_map --read_settings_files=on --write_settings_files=off shift -c shift
quartus_fit --read_settings_files=off --write_settings_files=off shift -c shift
quartus_asm --read_settings_files=off --write_settings_files=off shift -c shift
quartus_sta shift -c shift



